Library/Bee/Android/Prj/IL2CPP/Gradle/launcher/build/intermediates/manifest_merge_blame_file/release/manifest-merger-blame-release-report.txt
1<?xml version="1.0" encoding="utf-8"?>
2<manifest xmlns:android="http://schemas.android.com/apk/res/android"
3    package="com.vuforia.engine.VuforiaEngine"
4    android:installLocation="preferExternal"
5    android:versionCode="10284"
6    android:versionName="10.28.4" >
7
8    <uses-sdk
9        android:minSdkVersion="29"
9-->src\main\AndroidManifest.xml
10        android:targetSdkVersion="34" />
10-->src\main\AndroidManifest.xml
11
12    <supports-screens
12-->src\main\AndroidManifest.xml:4:3-163
13        android:anyDensity="true"
13-->src\main\AndroidManifest.xml:4:135-160
14        android:largeScreens="true"
14-->src\main\AndroidManifest.xml:4:78-105
15        android:normalScreens="true"
15-->src\main\AndroidManifest.xml:4:49-77
16        android:smallScreens="true"
16-->src\main\AndroidManifest.xml:4:21-48
17        android:xlargeScreens="true" />
17-->src\main\AndroidManifest.xml:4:106-134
18
19    <uses-permission android:name="android.permission.INTERNET" />
19-->[:unityLibrary] AndroidManifest.xml:10:5-67
19-->[:unityLibrary] AndroidManifest.xml:10:22-64
20    <uses-permission android:name="android.permission.CAMERA" />
20-->[:unityLibrary] AndroidManifest.xml:11:5-65
20-->[:unityLibrary] AndroidManifest.xml:11:22-62
21
22    <uses-feature android:glEsVersion="0x00020000" />
22-->[:unityLibrary] AndroidManifest.xml:13:5-54
22-->[:unityLibrary] AndroidManifest.xml:13:19-51
23    <uses-feature
23-->[:unityLibrary] AndroidManifest.xml:14:5-16:36
24        android:name="android.hardware.vulkan.version"
24-->[:unityLibrary] AndroidManifest.xml:15:9-55
25        android:required="false" />
25-->[:unityLibrary] AndroidManifest.xml:16:9-33
26    <uses-feature
26-->[:unityLibrary] AndroidManifest.xml:17:5-19:36
27        android:name="android.hardware.camera"
27-->[:unityLibrary] AndroidManifest.xml:18:9-47
28        android:required="true" />
28-->[:unityLibrary] AndroidManifest.xml:19:9-33
29    <uses-feature
29-->[:unityLibrary] AndroidManifest.xml:20:5-22:36
30        android:name="android.hardware.camera.autofocus"
30-->[:unityLibrary] AndroidManifest.xml:21:9-57
31        android:required="false" />
31-->[:unityLibrary] AndroidManifest.xml:22:9-33
32    <uses-feature
32-->[:unityLibrary] AndroidManifest.xml:23:5-25:36
33        android:name="android.hardware.camera.front"
33-->[:unityLibrary] AndroidManifest.xml:24:9-53
34        android:required="false" />
34-->[:unityLibrary] AndroidManifest.xml:25:9-33
35    <uses-feature
35-->[:unityLibrary] AndroidManifest.xml:26:5-28:36
36        android:name="android.hardware.touchscreen"
36-->[:unityLibrary] AndroidManifest.xml:27:9-52
37        android:required="false" />
37-->[:unityLibrary] AndroidManifest.xml:28:9-33
38    <uses-feature
38-->[:unityLibrary] AndroidManifest.xml:29:5-31:36
39        android:name="android.hardware.touchscreen.multitouch"
39-->[:unityLibrary] AndroidManifest.xml:30:9-63
40        android:required="false" />
40-->[:unityLibrary] AndroidManifest.xml:31:9-33
41    <uses-feature
41-->[:unityLibrary] AndroidManifest.xml:32:5-34:36
42        android:name="android.hardware.touchscreen.multitouch.distinct"
42-->[:unityLibrary] AndroidManifest.xml:33:9-72
43        android:required="false" />
43-->[:unityLibrary] AndroidManifest.xml:34:9-33
44
45    <queries>
45-->[com.google.ar:core:1.36.0] AndroidManifest.xml:20:5-22:15
46        <package android:name="com.google.ar.core" />
46-->[com.google.ar:core:1.36.0] AndroidManifest.xml:21:9-54
46-->[com.google.ar:core:1.36.0] AndroidManifest.xml:21:18-51
47    </queries>
48
49    <uses-permission android:name="android.permission.ACCESS_NETWORK_STATE" />
49-->[:UnityAds:] AndroidManifest.xml:9:5-79
49-->[:UnityAds:] AndroidManifest.xml:9:22-76
50    <uses-permission android:name="com.google.android.gms.permission.AD_ID" />
50-->[:UnityAds:] AndroidManifest.xml:11:5-79
50-->[:UnityAds:] AndroidManifest.xml:11:22-76
51    <!--
52        Required by Vuforia: Add this permission to access IMU sensors at high rate
53        for device tracker functionality on Android 12+.
54    -->
55    <uses-permission android:name="android.permission.HIGH_SAMPLING_RATE_SENSORS" />
55-->[:VuforiaEngine:] AndroidManifest.xml:16:5-85
55-->[:VuforiaEngine:] AndroidManifest.xml:16:22-82
56
57    <application
57-->src\main\AndroidManifest.xml:3:3-126
58        android:extractNativeLibs="true"
58-->[:unityLibrary] AndroidManifest.xml:36:18-50
59        android:icon="@mipmap/app_icon"
59-->src\main\AndroidManifest.xml:3:49-80
60        android:label="@string/app_name"
60-->src\main\AndroidManifest.xml:3:16-48
61        android:roundIcon="@mipmap/app_icon_round" >
61-->src\main\AndroidManifest.xml:3:81-123
62        <meta-data
62-->[:unityLibrary] AndroidManifest.xml:37:9-39:33
63            android:name="unity.splash-mode"
63-->[:unityLibrary] AndroidManifest.xml:38:13-45
64            android:value="0" />
64-->[:unityLibrary] AndroidManifest.xml:39:13-30
65        <meta-data
65-->[:unityLibrary] AndroidManifest.xml:40:9-42:36
66            android:name="unity.splash-enable"
66-->[:unityLibrary] AndroidManifest.xml:41:13-47
67            android:value="True" />
67-->[:unityLibrary] AndroidManifest.xml:42:13-33
68        <meta-data
68-->[:unityLibrary] AndroidManifest.xml:43:9-45:36
69            android:name="unity.launch-fullscreen"
69-->[:unityLibrary] AndroidManifest.xml:44:13-51
70            android:value="True" />
70-->[:unityLibrary] AndroidManifest.xml:45:13-33
71        <meta-data
71-->[:unityLibrary] AndroidManifest.xml:46:9-48:36
72            android:name="unity.render-outside-safearea"
72-->[:unityLibrary] AndroidManifest.xml:47:13-57
73            android:value="True" />
73-->[:unityLibrary] AndroidManifest.xml:48:13-33
74        <meta-data
74-->[:unityLibrary] AndroidManifest.xml:49:9-51:50
75            android:name="notch.config"
75-->[:unityLibrary] AndroidManifest.xml:50:13-40
76            android:value="portrait|landscape" />
76-->[:unityLibrary] AndroidManifest.xml:51:13-47
77        <meta-data
77-->[:unityLibrary] AndroidManifest.xml:52:9-54:36
78            android:name="unity.auto-report-fully-drawn"
78-->[:unityLibrary] AndroidManifest.xml:53:13-57
79            android:value="true" />
79-->[:unityLibrary] AndroidManifest.xml:54:13-33
80
81        <activity
81-->[:unityLibrary] AndroidManifest.xml:56:9-77:20
82            android:name="com.unity3d.player.UnityPlayerActivity"
82-->[:unityLibrary] AndroidManifest.xml:57:13-66
83            android:configChanges="mcc|mnc|locale|touchscreen|keyboard|keyboardHidden|navigation|orientation|screenLayout|uiMode|screenSize|smallestScreenSize|fontScale|layoutDirection|density"
83-->[:unityLibrary] AndroidManifest.xml:58:13-194
84            android:exported="true"
84-->[:unityLibrary] AndroidManifest.xml:59:13-36
85            android:hardwareAccelerated="false"
85-->[:unityLibrary] AndroidManifest.xml:60:13-48
86            android:launchMode="singleTask"
86-->[:unityLibrary] AndroidManifest.xml:61:13-44
87            android:resizeableActivity="false"
87-->[:unityLibrary] AndroidManifest.xml:62:13-47
88            android:screenOrientation="portrait"
88-->[:unityLibrary] AndroidManifest.xml:63:13-49
89            android:theme="@style/UnityThemeSelector" >
89-->[:unityLibrary] AndroidManifest.xml:64:13-54
90            <intent-filter>
90-->[:unityLibrary] AndroidManifest.xml:65:13-69:29
91                <category android:name="android.intent.category.LAUNCHER" />
91-->[:unityLibrary] AndroidManifest.xml:66:17-77
91-->[:unityLibrary] AndroidManifest.xml:66:27-74
92
93                <action android:name="android.intent.action.MAIN" />
93-->[:unityLibrary] AndroidManifest.xml:68:17-69
93-->[:unityLibrary] AndroidManifest.xml:68:25-66
94            </intent-filter>
95
96            <meta-data
96-->[:unityLibrary] AndroidManifest.xml:71:13-73:40
97                android:name="unityplayer.UnityActivity"
97-->[:unityLibrary] AndroidManifest.xml:72:17-57
98                android:value="true" />
98-->[:unityLibrary] AndroidManifest.xml:73:17-37
99            <meta-data
99-->[:unityLibrary] AndroidManifest.xml:74:13-76:40
100                android:name="notch_support"
100-->[:unityLibrary] AndroidManifest.xml:75:17-45
101                android:value="true" />
101-->[:unityLibrary] AndroidManifest.xml:76:17-37
102        </activity>
103
104        <meta-data
104-->[:unityLibrary] AndroidManifest.xml:79:9-81:40
105            android:name="com.google.ar.core"
105-->[:unityLibrary] AndroidManifest.xml:80:13-46
106            android:value="optional" /> <!-- The minimal version code of ARCore APK required for an app using this SDK. -->
106-->[:unityLibrary] AndroidManifest.xml:81:13-37
107        <meta-data
107-->[com.google.ar:core:1.36.0] AndroidManifest.xml:27:9-29:41
108            android:name="com.google.ar.core.min_apk_version"
108-->[com.google.ar:core:1.36.0] AndroidManifest.xml:28:13-62
109            android:value="223110000" /> <!-- This activity is critical for installing ARCore when it is not already present. -->
109-->[com.google.ar:core:1.36.0] AndroidManifest.xml:29:13-38
110        <activity
110-->[com.google.ar:core:1.36.0] AndroidManifest.xml:31:9-37:80
111            android:name="com.google.ar.core.InstallActivity"
111-->[com.google.ar:core:1.36.0] AndroidManifest.xml:32:13-62
112            android:configChanges="keyboardHidden|orientation|screenSize"
112-->[com.google.ar:core:1.36.0] AndroidManifest.xml:33:13-74
113            android:excludeFromRecents="true"
113-->[com.google.ar:core:1.36.0] AndroidManifest.xml:34:13-46
114            android:exported="false"
114-->[com.google.ar:core:1.36.0] AndroidManifest.xml:35:13-37
115            android:launchMode="singleTop"
115-->[com.google.ar:core:1.36.0] AndroidManifest.xml:36:13-43
116            android:theme="@android:style/Theme.Material.Light.Dialog.Alert" />
116-->[com.google.ar:core:1.36.0] AndroidManifest.xml:37:13-77
117        <activity
117-->[:UnityAds:] AndroidManifest.xml:14:9-18:74
118            android:name="com.unity3d.services.ads.adunit.AdUnitActivity"
118-->[:UnityAds:] AndroidManifest.xml:15:13-74
119            android:configChanges="fontScale|keyboard|keyboardHidden|locale|mnc|mcc|navigation|orientation|screenLayout|screenSize|smallestScreenSize|uiMode|touchscreen"
119-->[:UnityAds:] AndroidManifest.xml:16:13-170
120            android:hardwareAccelerated="true"
120-->[:UnityAds:] AndroidManifest.xml:17:13-47
121            android:theme="@android:style/Theme.NoTitleBar.Fullscreen" />
121-->[:UnityAds:] AndroidManifest.xml:18:13-71
122        <activity
122-->[:UnityAds:] AndroidManifest.xml:19:9-23:86
123            android:name="com.unity3d.services.ads.adunit.AdUnitTransparentActivity"
123-->[:UnityAds:] AndroidManifest.xml:20:13-85
124            android:configChanges="fontScale|keyboard|keyboardHidden|locale|mnc|mcc|navigation|orientation|screenLayout|screenSize|smallestScreenSize|uiMode|touchscreen"
124-->[:UnityAds:] AndroidManifest.xml:21:13-170
125            android:hardwareAccelerated="true"
125-->[:UnityAds:] AndroidManifest.xml:22:13-47
126            android:theme="@android:style/Theme.Translucent.NoTitleBar.Fullscreen" />
126-->[:UnityAds:] AndroidManifest.xml:23:13-83
127        <activity
127-->[:UnityAds:] AndroidManifest.xml:24:9-28:86
128            android:name="com.unity3d.services.ads.adunit.AdUnitTransparentSoftwareActivity"
128-->[:UnityAds:] AndroidManifest.xml:25:13-93
129            android:configChanges="fontScale|keyboard|keyboardHidden|locale|mnc|mcc|navigation|orientation|screenLayout|screenSize|smallestScreenSize|uiMode|touchscreen"
129-->[:UnityAds:] AndroidManifest.xml:26:13-170
130            android:hardwareAccelerated="false"
130-->[:UnityAds:] AndroidManifest.xml:27:13-48
131            android:theme="@android:style/Theme.Translucent.NoTitleBar.Fullscreen" />
131-->[:UnityAds:] AndroidManifest.xml:28:13-83
132        <activity
132-->[:UnityAds:] AndroidManifest.xml:29:9-33:74
133            android:name="com.unity3d.services.ads.adunit.AdUnitSoftwareActivity"
133-->[:UnityAds:] AndroidManifest.xml:30:13-82
134            android:configChanges="fontScale|keyboard|keyboardHidden|locale|mnc|mcc|navigation|orientation|screenLayout|screenSize|smallestScreenSize|uiMode|touchscreen"
134-->[:UnityAds:] AndroidManifest.xml:31:13-170
135            android:hardwareAccelerated="false"
135-->[:UnityAds:] AndroidManifest.xml:32:13-48
136            android:theme="@android:style/Theme.NoTitleBar.Fullscreen" />
136-->[:UnityAds:] AndroidManifest.xml:33:13-71
137
138        <provider
138-->[:VuforiaEngine:] AndroidManifest.xml:25:9-33:20
139            android:name="com.vuforia.engine.app.VuforiaContentProvider"
139-->[:VuforiaEngine:] AndroidManifest.xml:26:13-73
140            android:authorities="com.vuforia.engine.VuforiaEngine.vuforia.share"
140-->[:VuforiaEngine:] AndroidManifest.xml:27:13-65
141            android:exported="false"
141-->[:VuforiaEngine:] AndroidManifest.xml:28:13-37
142            android:grantUriPermissions="true" >
142-->[:VuforiaEngine:] AndroidManifest.xml:29:13-47
143            <meta-data
143-->[:VuforiaEngine:] AndroidManifest.xml:30:13-32:53
144                android:name="android.support.FILE_PROVIDER_PATHS"
144-->[:VuforiaEngine:] AndroidManifest.xml:31:17-67
145                android:resource="@xml/filepaths" />
145-->[:VuforiaEngine:] AndroidManifest.xml:32:17-50
146        </provider>
147    </application>
148
149</manifest>